10/06/2025 12:59:36 INICIANDO...     		 
10/06/2025 12:59:36 2.16.1.1	 					 
10/06/2025 12:59:36 Usuário: Iori(Administrador)		      
10/06/2025 12:59:36 Versão do Sistema Operacional: 10.0.19045       	
10/06/2025 12:59:36 64 Bits: true			    	
10/06/2025 12:59:36 Versão do Firefox. 138.0.1.127 ( 138.0 )	 		  		
10/06/2025 12:59:36 UAC: Ativado	 	 		 	
10/06/2025 12:59:36 Verificando se Mozilla Firefox está instalado... 	 	 			
10/06/2025 12:59:36 Mozilla Firefox instalado.
10/06/2025 12:59:36 [Ativação de segurança no navegador] Verificando...
10/06/2025 12:59:36 [Ativação de segurança no navegador] Corrigindo TLS.
10/06/2025 12:59:36 [Ativação de segurança no navegador] Ok.
10/06/2025 12:59:36 [Verificação de página autêntica] Verificando...
10/06/2025 12:59:36 [Verificação de página autêntica] Ok.
10/06/2025 12:59:36 [Instalação de certificados raíz] Verificando...
10/06/2025 12:59:36 [Instalação de certificados raíz] Efetuando download do instalador...
10/06/2025 12:59:38 [Instalação de certificados raíz] Ok.
10/06/2025 12:59:38 [Verificação de Segurança de aplicações] Verificando...
10/06/2025 12:59:38 [Verificação de Segurança de aplicações] Ok.
10/06/2025 12:59:38 [Instalação do Warsaw] Verificando...
10/06/2025 12:59:38 [Instalação do Warsaw] Efetuando download do instalador...
10/06/2025 13:00:38 [Instalação do Warsaw] Instalando...
10/06/2025 13:01:02 [Instalação do Warsaw] Ocorreu um problema durante a instalação.
10/06/2025 13:02:12 [Concluindo execucao] Verificando...
10/06/2025 13:03:16 [Concluindo execucao] CONCLUÍDO.
10/06/2025 13:03:16 Reiniciando o sistema...
10/06/2025 13:03:16 CONCLUÍDO.
10/06/2025 13:04:58 INICIANDO...
10/06/2025 13:04:58 2.16.1.1
10/06/2025 13:04:58 Usuário: Iori(Administrador)
10/06/2025 13:04:58 Versão do Sistema Operacional: 10.0.19045
10/06/2025 13:04:58 64 Bits: true
10/06/2025 13:04:58 Versão do Firefox. 138.0.1.127 ( 138.0 )
10/06/2025 13:04:58 UAC: Ativado
10/06/2025 13:04:58 Verificando se Mozilla Firefox está instalado...
10/06/2025 13:04:58 Mozilla Firefox instalado.
10/06/2025 13:04:58 [Instalação do Warsaw] Verificando...
10/06/2025 13:04:59 [Instalação do Warsaw] Efetuando download do instalador...
10/06/2025 13:05:00 [Instalação do Warsaw] Instalando...
10/06/2025 13:05:10 [Instalação do Warsaw] Ocorreu um problema durante a instalação.
10/06/2025 13:05:23 [Concluindo execucao] Verificando...
10/06/2025 13:06:28 [Concluindo execucao] CONCLUÍDO.
10/06/2025 13:06:28 Reiniciando o sistema...
10/06/2025 13:06:28 CONCLUÍDO.
10/06/2025 13:08:09 INICIANDO...
10/06/2025 13:08:09 2.16.1.1
10/06/2025 13:08:09 Usuário: Iori(Administrador)
10/06/2025 13:08:09 Versão do Sistema Operacional: 10.0.19045
10/06/2025 13:08:09 64 Bits: true
10/06/2025 13:08:09 Versão do Firefox. 138.0.1.127 ( 138.0 )
10/06/2025 13:08:09 UAC: Ativado
10/06/2025 13:08:09 Verificando se Mozilla Firefox está instalado...
10/06/2025 13:08:09 Mozilla Firefox instalado.
10/06/2025 13:08:09 [Instalação do Warsaw] Verificando...
10/06/2025 13:08:10 [Instalação do Warsaw] Efetuando download do instalador...
10/06/2025 13:08:11 [Instalação do Warsaw] Instalando...
10/06/2025 13:08:27 [Instalação do Warsaw] Ok.
10/06/2025 13:08:27 [Verificação de funcionamento] Verificando...
10/06/2025 13:08:27 [Verificação de funcionamento] Ok.
10/06/2025 13:08:27 [Instalando cliente do Warsaw] Verificando...
10/06/2025 13:09:12 [Instalando cliente do Warsaw] Ok.
10/06/2025 13:09:12 [Instalando certificado do Warsaw no Firefox.] Verificando...
10/06/2025 13:09:12 [Instalando certificado do Warsaw no Firefox.] Instalando...
10/06/2025 13:09:12 [Instalando certificado do Warsaw no Firefox.] Ok.
10/06/2025 13:09:12 [Atualizando listas] Verificando...
10/06/2025 13:09:13 [Atualizando listas] Ok.
10/06/2025 13:09:13 [Concluindo execucao] Verificando...
10/06/2025 13:09:14 [Concluindo execucao] CONCLUÍDO.
10/06/2025 13:09:14 CONCLUÍDO.
